[SYSTEM LOG]
[10-06-2021:20:10:41]  [main.py:142] [ INFO ]  Reading registory log state
[10-06-2021:20:10:41]  [main.py:149] [ INFO ]  Importing module:os
[10-06-2021:20:10:41]  [main.py:151] [ INFO ]  Importing module:sys
[10-06-2021:20:10:41]  [main.py:153] [ INFO ]  Importing module:time
[10-06-2021:20:10:41]  [main.py:155] [ INFO ]  Importing module:js2py
[10-06-2021:20:10:41]  [main.py:157] [ INFO ]  Importing module:datetime
[10-06-2021:20:10:41]  [main.py:159] [ INFO ]  Importing module:platform
[10-06-2021:20:10:41]  [main.py:161] [ INFO ]  Importing module:color
[10-06-2021:20:10:41]  [main.py:163] [ INFO ]  Importing module:requests
[10-06-2021:20:10:41]  [main.py:165] [ INFO ]  Importing module:socket
[10-06-2021:20:10:41]  [main.py:174] [ INFO ]  Successfully read history
[10-06-2021:20:10:41]  [main.py:187] [ DEBUG ]  Running in No Reg logging
[10-06-2021:20:10:41]  [main.py:189] [ INFO ]  History is off
[10-06-2021:20:10:43]  [main.py:206] [ INFO ]  ^c was pressed sent warning
[10-06-2021:20:10:44]  [main.py:213] [ INFO ]  ^c was pressed closing Xshell
[10-06-2021:20:10:46]  [main.py:142] [ INFO ]  Reading registory log state
[10-06-2021:20:10:46]  [main.py:149] [ INFO ]  Importing module:os
[10-06-2021:20:10:46]  [main.py:151] [ INFO ]  Importing module:sys
[10-06-2021:20:10:46]  [main.py:153] [ INFO ]  Importing module:time
[10-06-2021:20:10:46]  [main.py:155] [ INFO ]  Importing module:js2py
[10-06-2021:20:10:46]  [main.py:157] [ INFO ]  Importing module:datetime
[10-06-2021:20:10:46]  [main.py:159] [ INFO ]  Importing module:platform
[10-06-2021:20:10:46]  [main.py:161] [ INFO ]  Importing module:color
[10-06-2021:20:10:46]  [main.py:163] [ INFO ]  Importing module:requests
[10-06-2021:20:10:46]  [main.py:165] [ INFO ]  Importing module:socket
[10-06-2021:20:10:46]  [main.py:174] [ INFO ]  Successfully read history
[10-06-2021:20:10:46]  [main.py:187] [ DEBUG ]  Running in No Reg logging
[10-06-2021:20:10:46]  [main.py:189] [ INFO ]  History is off
[10-06-2021:20:10:48]  [main.py:206] [ INFO ]  ^c was pressed sent warning
[10-06-2021:20:10:48]  [main.py:213] [ INFO ]  ^c was pressed closing Xshell
[10-06-2021:20:10:50]  [main.py:142] [ INFO ]  Reading registory log state
[10-06-2021:20:10:50]  [main.py:149] [ INFO ]  Importing module:os
[10-06-2021:20:10:50]  [main.py:151] [ INFO ]  Importing module:sys
[10-06-2021:20:10:50]  [main.py:153] [ INFO ]  Importing module:time
[10-06-2021:20:10:50]  [main.py:155] [ INFO ]  Importing module:js2py
[10-06-2021:20:10:50]  [main.py:157] [ INFO ]  Importing module:datetime
[10-06-2021:20:10:50]  [main.py:159] [ INFO ]  Importing module:platform
[10-06-2021:20:10:50]  [main.py:161] [ INFO ]  Importing module:color
[10-06-2021:20:10:50]  [main.py:163] [ INFO ]  Importing module:requests
[10-06-2021:20:10:50]  [main.py:165] [ INFO ]  Importing module:socket
[10-06-2021:20:10:50]  [main.py:174] [ INFO ]  Successfully read history
[10-06-2021:20:10:50]  [main.py:187] [ DEBUG ]  Running in No Reg logging
[10-06-2021:20:10:50]  [main.py:189] [ INFO ]  History is off
[10-06-2021:20:10:51]  [main.py:206] [ INFO ]  ^c was pressed sent warning
[10-06-2021:20:10:51]  [main.py:213] [ INFO ]  ^c was pressed closing Xshell
[10-06-2021:20:11:35]  [main.py:142] [ INFO ]  Reading registory log state
[10-06-2021:20:11:35]  [main.py:149] [ INFO ]  Importing module:os
[10-06-2021:20:11:35]  [main.py:151] [ INFO ]  Importing module:sys
[10-06-2021:20:11:35]  [main.py:153] [ INFO ]  Importing module:time
[10-06-2021:20:11:35]  [main.py:155] [ INFO ]  Importing module:js2py
[10-06-2021:20:11:35]  [main.py:157] [ INFO ]  Importing module:datetime
[10-06-2021:20:11:35]  [main.py:159] [ INFO ]  Importing module:platform
[10-06-2021:20:11:35]  [main.py:161] [ INFO ]  Importing module:color
[10-06-2021:20:11:35]  [main.py:163] [ INFO ]  Importing module:requests
[10-06-2021:20:11:35]  [main.py:165] [ INFO ]  Importing module:socket
[10-06-2021:20:11:35]  [main.py:174] [ INFO ]  Successfully read history
[10-06-2021:20:11:35]  [main.py:187] [ DEBUG ]  Running in No Reg logging
[10-06-2021:20:11:35]  [main.py:189] [ INFO ]  History is off
[10-06-2021:20:11:52]  [main.py:206] [ INFO ]  ^c was pressed sent warning
[10-06-2021:20:11:52]  [main.py:213] [ INFO ]  ^c was pressed closing Xshell
[10-06-2021:20:12:29]  [main.py:142] [ INFO ]  Reading registory log state
[10-06-2021:20:12:29]  [main.py:149] [ INFO ]  Importing module:os
[10-06-2021:20:12:29]  [main.py:151] [ INFO ]  Importing module:sys
[10-06-2021:20:12:29]  [main.py:153] [ INFO ]  Importing module:time
[10-06-2021:20:12:29]  [main.py:155] [ INFO ]  Importing module:js2py
[10-06-2021:20:12:29]  [main.py:157] [ INFO ]  Importing module:datetime
[10-06-2021:20:12:29]  [main.py:159] [ INFO ]  Importing module:platform
[10-06-2021:20:12:29]  [main.py:161] [ INFO ]  Importing module:color
[10-06-2021:20:12:29]  [main.py:163] [ INFO ]  Importing module:requests
[10-06-2021:20:12:29]  [main.py:165] [ INFO ]  Importing module:socket
[10-06-2021:20:12:29]  [main.py:174] [ INFO ]  Successfully read history
[10-06-2021:20:12:29]  [main.py:187] [ DEBUG ]  Running in No Reg logging
[10-06-2021:20:12:29]  [main.py:189] [ INFO ]  History is off
[10-06-2021:20:13:08]  [main.py:224] [ INFO ]  Running Command:test
[10-06-2021:20:13:08]  [command.py:7] [ DEBUG ]  User sent command
